Using pre-set license
Built from '2021.1/staging' branch; Version is '2021.1.5f1 (3737af19df53) revision 3618735'; Using compiler version '192528614'; Build Type 'Release'
OS: 'Windows 10 Home; OS build 19041.1052; Version 2004; 64bit' Language: 'fr' Physical Memory: 15789 MB
BatchMode: 1, IsHumanControllingUs: 0, StartBugReporterOnCrash: 0, Is64bit: 1, IsPro: 0

 COMMAND LINE ARGUMENTS:
C:\Program Files\Unity\Hub\Editor\2021.1.5f1\Editor\Unity.exe
-adb2
-batchMode
-noUpm
-name
AssetImportWorker0
-projectPath
C:/Documents/Code/Projet courts/MoonFunBase
-logFile
Logs/AssetImportWorker0.log
-srvPort
60941
Successfully changed project path to: C:/Documents/Code/Projet courts/MoonFunBase
C:/Documents/Code/Projet courts/MoonFunBase
Using Asset Import Pipeline V2.
Refreshing native plugins compatible for Editor in 35.64 ms, found 1 plugins.
Preloading 0 native plugins for Editor in 0.00 ms.
Initialize engine version: 2021.1.5f1 (3737af19df53)
[Subsystems] Discovering subsystems at path C:/Program Files/Unity/Hub/Editor/2021.1.5f1/Editor/Data/Resources/UnitySubsystems
[Subsystems] Discovering subsystems at path C:/Documents/Code/Projet courts/MoonFunBase/Assets
GfxDevice: creating device client; threaded=0; jobified=0
Direct3D:
    Version:  Direct3D 11.0 [level 11.1]
    Renderer: NVIDIA GeForce RTX 2060 (ID=0x1f15)
    Vendor:   NVIDIA
    VRAM:     5980 MB
    Driver:   27.21.14.6647
Initialize mono
Mono path[0] = 'C:/Program Files/Unity/Hub/Editor/2021.1.5f1/Editor/Data/Managed'
Mono path[1] = 'C:/Program Files/Unity/Hub/Editor/2021.1.5f1/Editor/Data/MonoBleedingEdge/lib/mono/unityjit'
Mono config path = 'C:/Program Files/Unity/Hub/Editor/2021.1.5f1/Editor/Data/MonoBleedingEdge/etc'
Using monoOptions --debugger-agent=transport=dt_socket,embedding=1,server=y,suspend=n,address=127.0.0.1:56504
Begin MonoManager ReloadAssembly
Registering precompiled unity dll's ...
Register platform support module: C:/Program Files/Unity/Hub/Editor/2021.1.5f1/Editor/Data/PlaybackEngines/WebGLSupport/UnityEditor.WebGL.Extensions.dll
Register platform support module: C:/Program Files/Unity/Hub/Editor/2021.1.5f1/Editor/Data/PlaybackEngines/WindowsStandaloneSupport/UnityEditor.WindowsStandalone.Extensions.dll
Registered in 0.001881 seconds.
Native extension for WindowsStandalone target not found
Native extension for WebGL target not found
Refreshing native plugins compatible for Editor in 35.46 ms, found 1 plugins.
Preloading 0 native plugins for Editor in 0.00 ms.
Mono: successfully reloaded assembly
- Completed reload, in  1.094 seconds
Platform modules already initialized, skipping
Registering precompiled user dll's ...
Registered in 0.000968 seconds.
Begin MonoManager ReloadAssembly
Native extension for WindowsStandalone target not found
Native extension for WebGL target not found
Refreshing native plugins compatible for Editor in 35.90 ms, found 1 plugins.
Preloading 0 native plugins for Editor in 0.00 ms.
Mono: successfully reloaded assembly
- Completed reload, in  0.850 seconds
Platform modules already initialized, skipping
========================================================================
Worker process is ready to serve import requests
Launched and connected shader compiler UnityShaderCompiler.exe after 0.04 seconds
Refreshing native plugins compatible for Editor in 0.41 ms, found 1 plugins.
Preloading 0 native plugins for Editor in 0.00 ms.
Unloading 1867 Unused Serialized files (Serialized files now loaded: 0)
System memory in use before: 89.7 MB.
System memory in use after: 89.6 MB.

Unloading 24 unused Assets to reduce memory usage. Loaded Objects now: 2326.
Total: 2.414300 ms (FindLiveObjects: 0.220300 ms CreateObjectMapping: 0.081900 ms MarkObjects: 1.990800 ms  DeleteObjects: 0.119800 ms)

========================================================================
Received Import Request.
  path: Assets/Graphismes/FunMoonBase_codex.png
  artifactKey: Guid(0a1f99fc294998d45b07d60e519edce7) Importer(815301076,1909f56bfc062723c751e8b465ee728b)
Start importing Assets/Graphismes/FunMoonBase_codex.png using Guid(0a1f99fc294998d45b07d60e519edce7) Importer(815301076,1909f56bfc062723c751e8b465ee728b)  -> (artifact id: '1ceee346fdc90f5a0af0a95e5fd82b23') in 0.098507 seconds 
========================================================================
Received Import Request.
  Time since last request: 58.614117 seconds.
  path: Assets/Scripts/TutorielSteps/TutorielStep16.asset
  artifactKey: Guid(b63e4960baafe404d8624ddb64062a30) Importer(815301076,1909f56bfc062723c751e8b465ee728b)
Start importing Assets/Scripts/TutorielSteps/TutorielStep16.asset using Guid(b63e4960baafe404d8624ddb64062a30) Importer(815301076,1909f56bfc062723c751e8b465ee728b)  -> (artifact id: 'fbdef4cac9e42fe974931621992e3d5a') in 0.011221 seconds 
========================================================================
Received Import Request.
  Time since last request: 795.855504 seconds.
  path: Assets/Graphismes/Sprites/Buildings
  artifactKey: Guid(55d0a61d08aa4664088954365663a0db) Importer(815301076,1909f56bfc062723c751e8b465ee728b)
Start importing Assets/Graphismes/Sprites/Buildings using Guid(55d0a61d08aa4664088954365663a0db) Importer(815301076,1909f56bfc062723c751e8b465ee728b)  -> (artifact id: '85b03e7236f86e41b6086adf0c60baa2') in 0.010304 seconds 
========================================================================
Received Import Request.
  Time since last request: 0.601972 seconds.
  path: Assets/Graphismes/Sprites/Backgrounds
  artifactKey: Guid(01a5334f74a20ca4a83a58377d66fd2c) Importer(815301076,1909f56bfc062723c751e8b465ee728b)
Start importing Assets/Graphismes/Sprites/Backgrounds using Guid(01a5334f74a20ca4a83a58377d66fd2c) Importer(815301076,1909f56bfc062723c751e8b465ee728b)  -> (artifact id: '8574a412474cf646b46d082c03aa1e99') in 0.008100 seconds 
========================================================================
Received Import Request.
  Time since last request: 1165.145652 seconds.
  path: Assets/Prefabs/_GameFunctionnality (1).prefab
  artifactKey: Guid(88f0a838c3ca31d488250ddf88a51ae1) Importer(815301076,1909f56bfc062723c751e8b465ee728b)
Start importing Assets/Prefabs/_GameFunctionnality (1).prefab using Guid(88f0a838c3ca31d488250ddf88a51ae1) Importer(815301076,1909f56bfc062723c751e8b465ee728b)  -> (artifact id: '1ce5bc20d58d08ad51013fc20702bb2e') in 0.189517 seconds 
========================================================================
Received Prepare
Registering precompiled user dll's ...
Registered in 0.000950 seconds.
Begin MonoManager ReloadAssembly
Native extension for WindowsStandalone target not found
Native extension for WebGL target not found
Refreshing native plugins compatible for Editor in 0.40 ms, found 1 plugins.
Preloading 0 native plugins for Editor in 0.00 ms.
Mono: successfully reloaded assembly
- Completed reload, in  0.765 seconds
Platform modules already initialized, skipping
Refreshing native plugins compatible for Editor in 0.40 ms, found 1 plugins.
Preloading 0 native plugins for Editor in 0.00 ms.
Unloading 1852 Unused Serialized files (Serialized files now loaded: 0)
System memory in use before: 94.2 MB.
System memory in use after: 94.2 MB.

Unloading 14 unused Assets to reduce memory usage. Loaded Objects now: 2354.
Total: 3.120900 ms (FindLiveObjects: 0.268600 ms CreateObjectMapping: 0.116600 ms MarkObjects: 2.626400 ms  DeleteObjects: 0.107600 ms)

AssetImportWorkerClient::OnTransportError - code=2 error=End of file
