Using pre-set license
Built from '2021.1/release' branch; Version is '2021.1.0f1 (61a549675243) revision 6399305'; Using compiler version '192528614'; Build Type 'Release'
OS: 'Windows 10 Home; OS build 19042.867; Version 2009; 64bit' Language: 'fr' Physical Memory: 8038 MB
BatchMode: 1, IsHumanControllingUs: 0, StartBugReporterOnCrash: 0, Is64bit: 1, IsPro: 0

 COMMAND LINE ARGUMENTS:
C:\Program Files\Unity\Hub\Editor\2021.1.0f1\Editor\Unity.exe
-adb2
-batchMode
-noUpm
-name
AssetImportWorker1
-projectPath
D:/Code/Projet courts/MoonFunBase
-logFile
Logs/AssetImportWorker1.log
-srvPort
51075
Successfully changed project path to: D:/Code/Projet courts/MoonFunBase
D:/Code/Projet courts/MoonFunBase
Using Asset Import Pipeline V2.
Refreshing native plugins compatible for Editor in 104.78 ms, found 2 plugins.
Preloading 0 native plugins for Editor in 0.00 ms.
Initialize engine version: 2021.1.0f1 (61a549675243)
[Subsystems] Discovering subsystems at path C:/Program Files/Unity/Hub/Editor/2021.1.0f1/Editor/Data/Resources/UnitySubsystems
[Subsystems] Discovering subsystems at path D:/Code/Projet courts/MoonFunBase/Assets
GfxDevice: creating device client; threaded=0; jobified=0
Direct3D:
    Version:  Direct3D 11.0 [level 11.1]
    Renderer: NVIDIA GeForce GTX 1070 (ID=0x1ba1)
    Vendor:   NVIDIA
    VRAM:     8082 MB
    Driver:   27.21.14.6589
Initialize mono
Mono path[0] = 'C:/Program Files/Unity/Hub/Editor/2021.1.0f1/Editor/Data/Managed'
Mono path[1] = 'C:/Program Files/Unity/Hub/Editor/2021.1.0f1/Editor/Data/MonoBleedingEdge/lib/mono/unityjit'
Mono config path = 'C:/Program Files/Unity/Hub/Editor/2021.1.0f1/Editor/Data/MonoBleedingEdge/etc'
Using monoOptions --debugger-agent=transport=dt_socket,embedding=1,server=y,suspend=n,address=127.0.0.1:56068
Begin MonoManager ReloadAssembly
Registering precompiled unity dll's ...
Register platform support module: C:/Program Files/Unity/Hub/Editor/2021.1.0f1/Editor/Data/PlaybackEngines/WebGLSupport/UnityEditor.WebGL.Extensions.dll
Register platform support module: C:/Program Files/Unity/Hub/Editor/2021.1.0f1/Editor/Data/PlaybackEngines/WindowsStandaloneSupport/UnityEditor.WindowsStandalone.Extensions.dll
Registered in 0.002258 seconds.
Native extension for WindowsStandalone target not found
Native extension for WebGL target not found
Refreshing native plugins compatible for Editor in 120.11 ms, found 2 plugins.
Preloading 0 native plugins for Editor in 0.00 ms.
Mono: successfully reloaded assembly
- Completed reload, in  1.386 seconds
Platform modules already initialized, skipping
Registering precompiled user dll's ...
Registered in 0.003176 seconds.
Begin MonoManager ReloadAssembly
Native extension for WindowsStandalone target not found
Native extension for WebGL target not found
Refreshing native plugins compatible for Editor in 101.63 ms, found 2 plugins.
Preloading 0 native plugins for Editor in 0.00 ms.
Mono: successfully reloaded assembly
- Completed reload, in  1.244 seconds
Platform modules already initialized, skipping
========================================================================
Worker process is ready to serve import requests
Launched and connected shader compiler UnityShaderCompiler.exe after 0.05 seconds
Refreshing native plugins compatible for Editor in 0.63 ms, found 2 plugins.
Preloading 0 native plugins for Editor in 0.00 ms.
Unloading 3381 Unused Serialized files (Serialized files now loaded: 0)
System memory in use before: 129.2 MB.
System memory in use after: 129.3 MB.

Unloading 29 unused Assets to reduce memory usage. Loaded Objects now: 3834.
Total: 2.552400 ms (FindLiveObjects: 0.295800 ms CreateObjectMapping: 0.190100 ms MarkObjects: 1.955600 ms  DeleteObjects: 0.109200 ms)

========================================================================
Received Import Request.
  path: Assets/Prefabs/Building_Funhouse.prefab
  artifactKey: Guid(4b56df21a7c1536419c076a4f25a1c41) Importer(815301076,1909f56bfc062723c751e8b465ee728b)
Start importing Assets/Prefabs/Building_Funhouse.prefab using Guid(4b56df21a7c1536419c076a4f25a1c41) Importer(815301076,1909f56bfc062723c751e8b465ee728b)  -> (artifact id: '05db0b299ebb4db65cf66f4a4fc6809a') in 0.111117 seconds 
========================================================================
Received Prepare
Registering precompiled user dll's ...
Registered in 0.003215 seconds.
Begin MonoManager ReloadAssembly
Native extension for WindowsStandalone target not found
Native extension for WebGL target not found
Refreshing native plugins compatible for Editor in 0.63 ms, found 2 plugins.
Preloading 0 native plugins for Editor in 0.00 ms.
Mono: successfully reloaded assembly
- Completed reload, in  0.985 seconds
Platform modules already initialized, skipping
Refreshing native plugins compatible for Editor in 1.04 ms, found 2 plugins.
Preloading 0 native plugins for Editor in 0.00 ms.
Unloading 3365 Unused Serialized files (Serialized files now loaded: 0)
System memory in use before: 132.0 MB.
System memory in use after: 132.1 MB.

Unloading 17 unused Assets to reduce memory usage. Loaded Objects now: 3845.
Total: 2.443100 ms (FindLiveObjects: 0.306500 ms CreateObjectMapping: 0.181100 ms MarkObjects: 1.859200 ms  DeleteObjects: 0.095100 ms)

========================================================================
Received Import Request.
  Time since last request: 329.249254 seconds.
  path: Assets/Prefabs/Building_Funhouse.prefab
  artifactKey: Guid(4b56df21a7c1536419c076a4f25a1c41) Importer(815301076,1909f56bfc062723c751e8b465ee728b)
Start importing Assets/Prefabs/Building_Funhouse.prefab using Guid(4b56df21a7c1536419c076a4f25a1c41) Importer(815301076,1909f56bfc062723c751e8b465ee728b)  -> (artifact id: '211cb0cc4dec9601a2a2684f9a0b2966') in 0.055533 seconds 
========================================================================
Received Import Request.
  Time since last request: 7.497828 seconds.
  path: Assets/Prefabs/Building_Funhouse.prefab
  artifactKey: Guid(4b56df21a7c1536419c076a4f25a1c41) Importer(815301076,1909f56bfc062723c751e8b465ee728b)
Start importing Assets/Prefabs/Building_Funhouse.prefab using Guid(4b56df21a7c1536419c076a4f25a1c41) Importer(815301076,1909f56bfc062723c751e8b465ee728b)  -> (artifact id: '2f03690730536503201a1f4486c312c3') in 0.013513 seconds 
========================================================================
Received Import Request.
  Time since last request: 1.494382 seconds.
  path: Assets/Prefabs/Building_Funhouse.prefab
  artifactKey: Guid(4b56df21a7c1536419c076a4f25a1c41) Importer(815301076,1909f56bfc062723c751e8b465ee728b)
Start importing Assets/Prefabs/Building_Funhouse.prefab using Guid(4b56df21a7c1536419c076a4f25a1c41) Importer(815301076,1909f56bfc062723c751e8b465ee728b)  -> (artifact id: '96d414ab0cc8c87328eaa1c4b0b722df') in 0.012340 seconds 
========================================================================
Received Import Request.
  Time since last request: 1.557931 seconds.
  path: Assets/Prefabs/Building_Funhouse.prefab
  artifactKey: Guid(4b56df21a7c1536419c076a4f25a1c41) Importer(815301076,1909f56bfc062723c751e8b465ee728b)
Start importing Assets/Prefabs/Building_Funhouse.prefab using Guid(4b56df21a7c1536419c076a4f25a1c41) Importer(815301076,1909f56bfc062723c751e8b465ee728b)  -> (artifact id: '9c397c644758d9fb5c67a526e23df3f1') in 0.011608 seconds 
========================================================================
Received Import Request.
  Time since last request: 7.286068 seconds.
  path: Assets/Prefabs/Building_Funhouse.prefab
  artifactKey: Guid(4b56df21a7c1536419c076a4f25a1c41) Importer(815301076,1909f56bfc062723c751e8b465ee728b)
Start importing Assets/Prefabs/Building_Funhouse.prefab using Guid(4b56df21a7c1536419c076a4f25a1c41) Importer(815301076,1909f56bfc062723c751e8b465ee728b)  -> (artifact id: 'c6e7eb9e0627f0da04c95c1e67868db3') in 0.014348 seconds 
========================================================================
Received Import Request.
  Time since last request: 4.639092 seconds.
  path: Assets/Prefabs/Building_Funhouse.prefab
  artifactKey: Guid(4b56df21a7c1536419c076a4f25a1c41) Importer(815301076,1909f56bfc062723c751e8b465ee728b)
Start importing Assets/Prefabs/Building_Funhouse.prefab using Guid(4b56df21a7c1536419c076a4f25a1c41) Importer(815301076,1909f56bfc062723c751e8b465ee728b)  -> (artifact id: '87da7ff8268a2bfa26d2b357700b63d6') in 0.014036 seconds 
========================================================================
Received Import Request.
  Time since last request: 45.428417 seconds.
  path: Assets/Prefabs/Building_Greenhouse.prefab
  artifactKey: Guid(5c96506342c30ff4c97734f66b8d6b45) Importer(815301076,1909f56bfc062723c751e8b465ee728b)
Start importing Assets/Prefabs/Building_Greenhouse.prefab using Guid(5c96506342c30ff4c97734f66b8d6b45) Importer(815301076,1909f56bfc062723c751e8b465ee728b)  -> (artifact id: 'de0422250083afc5fbcc4b7a5d033954') in 0.013124 seconds 
========================================================================
Received Prepare
Registering precompiled user dll's ...
Registered in 0.003081 seconds.
Begin MonoManager ReloadAssembly
Native extension for WindowsStandalone target not found
Native extension for WebGL target not found
Refreshing native plugins compatible for Editor in 0.64 ms, found 2 plugins.
Preloading 0 native plugins for Editor in 0.00 ms.
Mono: successfully reloaded assembly
- Completed reload, in  0.965 seconds
Platform modules already initialized, skipping
Refreshing native plugins compatible for Editor in 0.70 ms, found 2 plugins.
Preloading 0 native plugins for Editor in 0.00 ms.
Unloading 3365 Unused Serialized files (Serialized files now loaded: 0)
System memory in use before: 132.1 MB.
System memory in use after: 132.2 MB.

Unloading 17 unused Assets to reduce memory usage. Loaded Objects now: 3850.
Total: 2.572300 ms (FindLiveObjects: 0.299300 ms CreateObjectMapping: 0.147600 ms MarkObjects: 2.033900 ms  DeleteObjects: 0.090600 ms)

========================================================================
Received Prepare
Registering precompiled user dll's ...
Registered in 0.003431 seconds.
Begin MonoManager ReloadAssembly
Native extension for WindowsStandalone target not found
Native extension for WebGL target not found
Refreshing native plugins compatible for Editor in 0.74 ms, found 2 plugins.
Preloading 0 native plugins for Editor in 0.00 ms.
Mono: successfully reloaded assembly
- Completed reload, in  0.945 seconds
Platform modules already initialized, skipping
Refreshing native plugins compatible for Editor in 0.65 ms, found 2 plugins.
Preloading 0 native plugins for Editor in 0.00 ms.
Unloading 3365 Unused Serialized files (Serialized files now loaded: 0)
System memory in use before: 132.1 MB.
System memory in use after: 132.2 MB.

Unloading 17 unused Assets to reduce memory usage. Loaded Objects now: 3854.
Total: 2.820800 ms (FindLiveObjects: 0.493200 ms CreateObjectMapping: 0.304200 ms MarkObjects: 1.927300 ms  DeleteObjects: 0.095000 ms)

========================================================================
Received Prepare
Registering precompiled user dll's ...
Registered in 0.003072 seconds.
Begin MonoManager ReloadAssembly
Native extension for WindowsStandalone target not found
Native extension for WebGL target not found
Refreshing native plugins compatible for Editor in 0.60 ms, found 2 plugins.
Preloading 0 native plugins for Editor in 0.00 ms.
Mono: successfully reloaded assembly
- Completed reload, in  0.971 seconds
Platform modules already initialized, skipping
Refreshing native plugins compatible for Editor in 0.61 ms, found 2 plugins.
Preloading 0 native plugins for Editor in 0.00 ms.
Unloading 3365 Unused Serialized files (Serialized files now loaded: 0)
System memory in use before: 132.1 MB.
System memory in use after: 132.3 MB.

Unloading 17 unused Assets to reduce memory usage. Loaded Objects now: 3858.
Total: 2.775100 ms (FindLiveObjects: 0.402900 ms CreateObjectMapping: 0.317700 ms MarkObjects: 1.952500 ms  DeleteObjects: 0.100800 ms)

========================================================================
Received Import Request.
  Time since last request: 467.697101 seconds.
  path: Assets/Prefabs/Building_Base.prefab
  artifactKey: Guid(763b2dcb52982e34ba9e8c491573dbe1) Importer(815301076,1909f56bfc062723c751e8b465ee728b)
Start importing Assets/Prefabs/Building_Base.prefab using Guid(763b2dcb52982e34ba9e8c491573dbe1) Importer(815301076,1909f56bfc062723c751e8b465ee728b)  -> (artifact id: 'cbcee8a0a25a6ff45adfaefd7017dcec') in 0.212410 seconds 
========================================================================
Received Prepare
Registering precompiled user dll's ...
Registered in 0.002991 seconds.
Begin MonoManager ReloadAssembly
Native extension for WindowsStandalone target not found
Native extension for WebGL target not found
Refreshing native plugins compatible for Editor in 0.68 ms, found 2 plugins.
Preloading 0 native plugins for Editor in 0.00 ms.
Mono: successfully reloaded assembly
- Completed reload, in  0.940 seconds
Platform modules already initialized, skipping
Refreshing native plugins compatible for Editor in 0.64 ms, found 2 plugins.
Preloading 0 native plugins for Editor in 0.00 ms.
Unloading 3365 Unused Serialized files (Serialized files now loaded: 0)
System memory in use before: 132.2 MB.
System memory in use after: 132.3 MB.

Unloading 17 unused Assets to reduce memory usage. Loaded Objects now: 3863.
Total: 2.591200 ms (FindLiveObjects: 0.283100 ms CreateObjectMapping: 0.153500 ms MarkObjects: 2.058400 ms  DeleteObjects: 0.095700 ms)

========================================================================
Received Prepare
Registering precompiled user dll's ...
Registered in 0.002997 seconds.
Begin MonoManager ReloadAssembly
Native extension for WindowsStandalone target not found
Native extension for WebGL target not found
Refreshing native plugins compatible for Editor in 0.58 ms, found 2 plugins.
Preloading 0 native plugins for Editor in 0.00 ms.
Mono: successfully reloaded assembly
- Completed reload, in  0.939 seconds
Platform modules already initialized, skipping
Refreshing native plugins compatible for Editor in 0.68 ms, found 2 plugins.
Preloading 0 native plugins for Editor in 0.00 ms.
Unloading 3365 Unused Serialized files (Serialized files now loaded: 0)
System memory in use before: 132.2 MB.
System memory in use after: 132.3 MB.

Unloading 17 unused Assets to reduce memory usage. Loaded Objects now: 3867.
Total: 2.813200 ms (FindLiveObjects: 0.412600 ms CreateObjectMapping: 0.166700 ms MarkObjects: 2.134200 ms  DeleteObjects: 0.098500 ms)

========================================================================
Received Prepare
Registering precompiled user dll's ...
Registered in 0.002958 seconds.
Begin MonoManager ReloadAssembly
Native extension for WindowsStandalone target not found
Native extension for WebGL target not found
Refreshing native plugins compatible for Editor in 0.60 ms, found 2 plugins.
Preloading 0 native plugins for Editor in 0.00 ms.
Mono: successfully reloaded assembly
- Completed reload, in  0.929 seconds
Platform modules already initialized, skipping
Refreshing native plugins compatible for Editor in 0.68 ms, found 2 plugins.
Preloading 0 native plugins for Editor in 0.00 ms.
Unloading 3365 Unused Serialized files (Serialized files now loaded: 0)
System memory in use before: 132.2 MB.
System memory in use after: 132.3 MB.

Unloading 17 unused Assets to reduce memory usage. Loaded Objects now: 3871.
Total: 2.729500 ms (FindLiveObjects: 0.310800 ms CreateObjectMapping: 0.160900 ms MarkObjects: 2.163600 ms  DeleteObjects: 0.093600 ms)

========================================================================
Received Prepare
Registering precompiled user dll's ...
Registered in 0.003201 seconds.
Begin MonoManager ReloadAssembly
Native extension for WindowsStandalone target not found
Native extension for WebGL target not found
Refreshing native plugins compatible for Editor in 0.60 ms, found 2 plugins.
Preloading 0 native plugins for Editor in 0.00 ms.
Mono: successfully reloaded assembly
- Completed reload, in  0.952 seconds
Platform modules already initialized, skipping
Refreshing native plugins compatible for Editor in 0.70 ms, found 2 plugins.
Preloading 0 native plugins for Editor in 0.00 ms.
Unloading 3365 Unused Serialized files (Serialized files now loaded: 0)
System memory in use before: 132.2 MB.
System memory in use after: 132.3 MB.

Unloading 17 unused Assets to reduce memory usage. Loaded Objects now: 3875.
Total: 2.674900 ms (FindLiveObjects: 0.391000 ms CreateObjectMapping: 0.258300 ms MarkObjects: 1.932500 ms  DeleteObjects: 0.091600 ms)

========================================================================
Received Prepare
Registering precompiled user dll's ...
Registered in 0.003875 seconds.
Begin MonoManager ReloadAssembly
Native extension for WindowsStandalone target not found
Native extension for WebGL target not found
Refreshing native plugins compatible for Editor in 0.59 ms, found 2 plugins.
Preloading 0 native plugins for Editor in 0.00 ms.
Mono: successfully reloaded assembly
- Completed reload, in  0.931 seconds
Platform modules already initialized, skipping
Refreshing native plugins compatible for Editor in 0.64 ms, found 2 plugins.
Preloading 0 native plugins for Editor in 0.00 ms.
Unloading 3365 Unused Serialized files (Serialized files now loaded: 0)
System memory in use before: 132.2 MB.
System memory in use after: 132.3 MB.

Unloading 17 unused Assets to reduce memory usage. Loaded Objects now: 3879.
Total: 2.862900 ms (FindLiveObjects: 0.276800 ms CreateObjectMapping: 0.193900 ms MarkObjects: 2.299200 ms  DeleteObjects: 0.092200 ms)

========================================================================
Received Prepare
Registering precompiled user dll's ...
Registered in 0.003172 seconds.
Begin MonoManager ReloadAssembly
Native extension for WindowsStandalone target not found
Native extension for WebGL target not found
Refreshing native plugins compatible for Editor in 0.67 ms, found 2 plugins.
Preloading 0 native plugins for Editor in 0.00 ms.
Mono: successfully reloaded assembly
- Completed reload, in  0.949 seconds
Platform modules already initialized, skipping
Refreshing native plugins compatible for Editor in 0.60 ms, found 2 plugins.
Preloading 0 native plugins for Editor in 0.00 ms.
Unloading 3365 Unused Serialized files (Serialized files now loaded: 0)
System memory in use before: 132.2 MB.
System memory in use after: 132.3 MB.

Unloading 17 unused Assets to reduce memory usage. Loaded Objects now: 3883.
Total: 3.114200 ms (FindLiveObjects: 0.557200 ms CreateObjectMapping: 0.356400 ms MarkObjects: 2.103700 ms  DeleteObjects: 0.095300 ms)

========================================================================
Received Prepare
Registering precompiled user dll's ...
Registered in 0.004739 seconds.
Begin MonoManager ReloadAssembly
Native extension for WindowsStandalone target not found
Native extension for WebGL target not found
Refreshing native plugins compatible for Editor in 0.59 ms, found 2 plugins.
Preloading 0 native plugins for Editor in 0.00 ms.
Mono: successfully reloaded assembly
- Completed reload, in  0.955 seconds
Platform modules already initialized, skipping
Refreshing native plugins compatible for Editor in 0.65 ms, found 2 plugins.
Preloading 0 native plugins for Editor in 0.00 ms.
Unloading 3365 Unused Serialized files (Serialized files now loaded: 0)
System memory in use before: 132.2 MB.
System memory in use after: 132.3 MB.

Unloading 17 unused Assets to reduce memory usage. Loaded Objects now: 3887.
Total: 3.174900 ms (FindLiveObjects: 0.397500 ms CreateObjectMapping: 0.275300 ms MarkObjects: 2.397300 ms  DeleteObjects: 0.102900 ms)

========================================================================
Received Prepare
Registering precompiled user dll's ...
Registered in 0.003061 seconds.
Begin MonoManager ReloadAssembly
Native extension for WindowsStandalone target not found
Native extension for WebGL target not found
Refreshing native plugins compatible for Editor in 1.03 ms, found 2 plugins.
Preloading 0 native plugins for Editor in 0.00 ms.
Mono: successfully reloaded assembly
- Completed reload, in  0.983 seconds
Platform modules already initialized, skipping
Refreshing native plugins compatible for Editor in 0.71 ms, found 2 plugins.
Preloading 0 native plugins for Editor in 0.00 ms.
Unloading 3365 Unused Serialized files (Serialized files now loaded: 0)
System memory in use before: 132.2 MB.
System memory in use after: 132.4 MB.

Unloading 17 unused Assets to reduce memory usage. Loaded Objects now: 3891.
Total: 2.653200 ms (FindLiveObjects: 0.315000 ms CreateObjectMapping: 0.172700 ms MarkObjects: 2.062700 ms  DeleteObjects: 0.101000 ms)

========================================================================
Received Prepare
Registering precompiled user dll's ...
Registered in 0.003094 seconds.
Begin MonoManager ReloadAssembly
Native extension for WindowsStandalone target not found
Native extension for WebGL target not found
Refreshing native plugins compatible for Editor in 0.61 ms, found 2 plugins.
Preloading 0 native plugins for Editor in 0.00 ms.
Mono: successfully reloaded assembly
- Completed reload, in  0.972 seconds
Platform modules already initialized, skipping
Refreshing native plugins compatible for Editor in 0.61 ms, found 2 plugins.
Preloading 0 native plugins for Editor in 0.00 ms.
Unloading 3365 Unused Serialized files (Serialized files now loaded: 0)
System memory in use before: 132.3 MB.
System memory in use after: 132.4 MB.

Unloading 17 unused Assets to reduce memory usage. Loaded Objects now: 3895.
Total: 2.465600 ms (FindLiveObjects: 0.312300 ms CreateObjectMapping: 0.189900 ms MarkObjects: 1.866700 ms  DeleteObjects: 0.095900 ms)

========================================================================
Received Prepare
Registering precompiled user dll's ...
Registered in 0.003017 seconds.
Begin MonoManager ReloadAssembly
Native extension for WindowsStandalone target not found
Native extension for WebGL target not found
Refreshing native plugins compatible for Editor in 0.97 ms, found 2 plugins.
Preloading 0 native plugins for Editor in 0.00 ms.
Mono: successfully reloaded assembly
- Completed reload, in  0.926 seconds
Platform modules already initialized, skipping
Refreshing native plugins compatible for Editor in 0.78 ms, found 2 plugins.
Preloading 0 native plugins for Editor in 0.00 ms.
Unloading 3365 Unused Serialized files (Serialized files now loaded: 0)
System memory in use before: 132.3 MB.
System memory in use after: 132.4 MB.

Unloading 17 unused Assets to reduce memory usage. Loaded Objects now: 3899.
Total: 2.833100 ms (FindLiveObjects: 0.333000 ms CreateObjectMapping: 0.189400 ms MarkObjects: 2.204800 ms  DeleteObjects: 0.105100 ms)

========================================================================
Received Prepare
Registering precompiled user dll's ...
Registered in 0.003063 seconds.
Begin MonoManager ReloadAssembly
Native extension for WindowsStandalone target not found
Native extension for WebGL target not found
Refreshing native plugins compatible for Editor in 0.59 ms, found 2 plugins.
Preloading 0 native plugins for Editor in 0.00 ms.
Mono: successfully reloaded assembly
- Completed reload, in  0.893 seconds
Platform modules already initialized, skipping
Refreshing native plugins compatible for Editor in 0.67 ms, found 2 plugins.
Preloading 0 native plugins for Editor in 0.00 ms.
Unloading 3365 Unused Serialized files (Serialized files now loaded: 0)
System memory in use before: 132.3 MB.
System memory in use after: 132.4 MB.

Unloading 17 unused Assets to reduce memory usage. Loaded Objects now: 3903.
Total: 2.750000 ms (FindLiveObjects: 0.324500 ms CreateObjectMapping: 0.160600 ms MarkObjects: 2.168500 ms  DeleteObjects: 0.095500 ms)

========================================================================
Received Prepare
Registering precompiled user dll's ...
Registered in 0.003121 seconds.
Begin MonoManager ReloadAssembly
Native extension for WindowsStandalone target not found
Native extension for WebGL target not found
Refreshing native plugins compatible for Editor in 1.00 ms, found 2 plugins.
Preloading 0 native plugins for Editor in 0.00 ms.
Mono: successfully reloaded assembly
- Completed reload, in  1.001 seconds
Platform modules already initialized, skipping
Refreshing native plugins compatible for Editor in 0.61 ms, found 2 plugins.
Preloading 0 native plugins for Editor in 0.00 ms.
Unloading 3365 Unused Serialized files (Serialized files now loaded: 0)
System memory in use before: 132.3 MB.
System memory in use after: 132.4 MB.

Unloading 17 unused Assets to reduce memory usage. Loaded Objects now: 3907.
Total: 3.338700 ms (FindLiveObjects: 0.922500 ms CreateObjectMapping: 0.247700 ms MarkObjects: 2.074000 ms  DeleteObjects: 0.091500 ms)

========================================================================
Received Import Request.
  Time since last request: 647.268089 seconds.
  path: Assets/Graphismes/Sprites/Square.png
  artifactKey: Guid(c3dfc31fd923de646b60dd49e6a27390) Importer(815301076,1909f56bfc062723c751e8b465ee728b)
Start importing Assets/Graphismes/Sprites/Square.png using Guid(c3dfc31fd923de646b60dd49e6a27390) Importer(815301076,1909f56bfc062723c751e8b465ee728b)  -> (artifact id: '0c055b96b38d51f4fd540796e10bee13') in 0.071182 seconds 
========================================================================
Received Import Request.
  Time since last request: 2.318288 seconds.
  path: Assets/Graphismes/Sprites/Square 1.png
  artifactKey: Guid(97ef1cce4d177c246bcd37691e85dda4) Importer(815301076,1909f56bfc062723c751e8b465ee728b)
Start importing Assets/Graphismes/Sprites/Square 1.png using Guid(97ef1cce4d177c246bcd37691e85dda4) Importer(815301076,1909f56bfc062723c751e8b465ee728b)  -> (artifact id: 'a2380749303e1d00c17f6fcd1571a786') in 0.024063 seconds 
========================================================================
Received Import Request.
  Time since last request: 6.848035 seconds.
  path: Assets/Graphismes/Sprites/Tile.png
  artifactKey: Guid(97ef1cce4d177c246bcd37691e85dda4) Importer(815301076,1909f56bfc062723c751e8b465ee728b)
Start importing Assets/Graphismes/Sprites/Tile.png using Guid(97ef1cce4d177c246bcd37691e85dda4) Importer(815301076,1909f56bfc062723c751e8b465ee728b)  -> (artifact id: '46bb797ec5f34df7be8b53a6fc5e2a1c') in 0.036625 seconds 
========================================================================
Received Import Request.
  Time since last request: 33.841166 seconds.
  path: Assets/Graphismes/Sprites/Square.png
  artifactKey: Guid(c3dfc31fd923de646b60dd49e6a27390) Importer(815301076,1909f56bfc062723c751e8b465ee728b)
Start importing Assets/Graphismes/Sprites/Square.png using Guid(c3dfc31fd923de646b60dd49e6a27390) Importer(815301076,1909f56bfc062723c751e8b465ee728b)  -> (artifact id: '39181c695825005b43b235461fc03113') in 0.021404 seconds 
========================================================================
Received Prepare
Registering precompiled user dll's ...
Registered in 0.003105 seconds.
Begin MonoManager ReloadAssembly
Native extension for WindowsStandalone target not found
Native extension for WebGL target not found
Refreshing native plugins compatible for Editor in 0.62 ms, found 2 plugins.
Preloading 0 native plugins for Editor in 0.00 ms.
Mono: successfully reloaded assembly
- Completed reload, in  0.951 seconds
Platform modules already initialized, skipping
Refreshing native plugins compatible for Editor in 0.62 ms, found 2 plugins.
Preloading 0 native plugins for Editor in 0.00 ms.
Unloading 3367 Unused Serialized files (Serialized files now loaded: 0)
System memory in use before: 134.0 MB.
System memory in use after: 134.2 MB.

Unloading 17 unused Assets to reduce memory usage. Loaded Objects now: 3972.
Total: 3.028800 ms (FindLiveObjects: 0.628600 ms CreateObjectMapping: 0.188700 ms MarkObjects: 2.116600 ms  DeleteObjects: 0.093200 ms)

========================================================================
Received Import Request.
  Time since last request: 10.722719 seconds.
  path: Assets/Graphismes/Sprites/Square.png
  artifactKey: Guid(c3dfc31fd923de646b60dd49e6a27390) Importer(815301076,1909f56bfc062723c751e8b465ee728b)
Start importing Assets/Graphismes/Sprites/Square.png using Guid(c3dfc31fd923de646b60dd49e6a27390) Importer(815301076,1909f56bfc062723c751e8b465ee728b)  -> (artifact id: '371b4278626f0718fba69c284d48b021') in 0.050179 seconds 
========================================================================
Received Prepare
Registering precompiled user dll's ...
Registered in 0.003581 seconds.
Begin MonoManager ReloadAssembly
Native extension for WindowsStandalone target not found
Native extension for WebGL target not found
Refreshing native plugins compatible for Editor in 0.61 ms, found 2 plugins.
Preloading 0 native plugins for Editor in 0.00 ms.
Mono: successfully reloaded assembly
- Completed reload, in  0.974 seconds
Platform modules already initialized, skipping
Refreshing native plugins compatible for Editor in 0.65 ms, found 2 plugins.
Preloading 0 native plugins for Editor in 0.00 ms.
Unloading 3365 Unused Serialized files (Serialized files now loaded: 0)
System memory in use before: 134.4 MB.
System memory in use after: 134.5 MB.

Unloading 17 unused Assets to reduce memory usage. Loaded Objects now: 3991.
Total: 3.038800 ms (FindLiveObjects: 0.520600 ms CreateObjectMapping: 0.310800 ms MarkObjects: 2.101000 ms  DeleteObjects: 0.105000 ms)

========================================================================
Received Import Request.
  Time since last request: 67.704485 seconds.
  path: Assets/Graphismes/Sprites/Tile.png
  artifactKey: Guid(97ef1cce4d177c246bcd37691e85dda4) Importer(815301076,1909f56bfc062723c751e8b465ee728b)
Start importing Assets/Graphismes/Sprites/Tile.png using Guid(97ef1cce4d177c246bcd37691e85dda4) Importer(815301076,1909f56bfc062723c751e8b465ee728b)  -> (artifact id: 'ac21783fce6897c0c5aedcd74c3e87b0') in 0.056084 seconds 
========================================================================
Received Import Request.
  Time since last request: 5.614838 seconds.
  path: Assets/Graphismes/Sprites/Tile.png
  artifactKey: Guid(97ef1cce4d177c246bcd37691e85dda4) Importer(815301076,1909f56bfc062723c751e8b465ee728b)
Start importing Assets/Graphismes/Sprites/Tile.png using Guid(97ef1cce4d177c246bcd37691e85dda4) Importer(815301076,1909f56bfc062723c751e8b465ee728b)  -> (artifact id: '1cc2b3005f0a303715a8632ff3dad66e') in 0.016452 seconds 
========================================================================
Received Prepare
Registering precompiled user dll's ...
Registered in 0.003117 seconds.
Begin MonoManager ReloadAssembly
Native extension for WindowsStandalone target not found
Native extension for WebGL target not found
Refreshing native plugins compatible for Editor in 0.60 ms, found 2 plugins.
Preloading 0 native plugins for Editor in 0.00 ms.
Mono: successfully reloaded assembly
- Completed reload, in  0.964 seconds
Platform modules already initialized, skipping
Refreshing native plugins compatible for Editor in 0.74 ms, found 2 plugins.
Preloading 0 native plugins for Editor in 0.00 ms.
Unloading 3365 Unused Serialized files (Serialized files now loaded: 0)
System memory in use before: 135.2 MB.
System memory in use after: 135.3 MB.

Unloading 17 unused Assets to reduce memory usage. Loaded Objects now: 4024.
Total: 2.702300 ms (FindLiveObjects: 0.351000 ms CreateObjectMapping: 0.219900 ms MarkObjects: 2.034800 ms  DeleteObjects: 0.095400 ms)

========================================================================
Received Prepare
Registering precompiled user dll's ...
Registered in 0.003181 seconds.
Begin MonoManager ReloadAssembly
Native extension for WindowsStandalone target not found
Native extension for WebGL target not found
Refreshing native plugins compatible for Editor in 0.59 ms, found 2 plugins.
Preloading 0 native plugins for Editor in 0.00 ms.
Mono: successfully reloaded assembly
- Completed reload, in  0.962 seconds
Platform modules already initialized, skipping
Refreshing native plugins compatible for Editor in 0.64 ms, found 2 plugins.
Preloading 0 native plugins for Editor in 0.00 ms.
Unloading 3365 Unused Serialized files (Serialized files now loaded: 0)
System memory in use before: 135.2 MB.
System memory in use after: 135.3 MB.

Unloading 17 unused Assets to reduce memory usage. Loaded Objects now: 4028.
Total: 2.859200 ms (FindLiveObjects: 0.449900 ms CreateObjectMapping: 0.378200 ms MarkObjects: 1.931900 ms  DeleteObjects: 0.098100 ms)

========================================================================
Received Prepare
Registering precompiled user dll's ...
Registered in 0.003140 seconds.
Begin MonoManager ReloadAssembly
Native extension for WindowsStandalone target not found
Native extension for WebGL target not found
Refreshing native plugins compatible for Editor in 0.65 ms, found 2 plugins.
Preloading 0 native plugins for Editor in 0.00 ms.
Mono: successfully reloaded assembly
- Completed reload, in  0.944 seconds
Platform modules already initialized, skipping
Refreshing native plugins compatible for Editor in 0.65 ms, found 2 plugins.
Preloading 0 native plugins for Editor in 0.00 ms.
Unloading 3365 Unused Serialized files (Serialized files now loaded: 0)
System memory in use before: 135.2 MB.
System memory in use after: 135.3 MB.

Unloading 17 unused Assets to reduce memory usage. Loaded Objects now: 4032.
Total: 2.549900 ms (FindLiveObjects: 0.309300 ms CreateObjectMapping: 0.179000 ms MarkObjects: 1.967700 ms  DeleteObjects: 0.092900 ms)

========================================================================
Received Prepare
Registering precompiled user dll's ...
Registered in 0.003192 seconds.
Begin MonoManager ReloadAssembly
Native extension for WindowsStandalone target not found
Native extension for WebGL target not found
Refreshing native plugins compatible for Editor in 0.62 ms, found 2 plugins.
Preloading 0 native plugins for Editor in 0.00 ms.
Mono: successfully reloaded assembly
- Completed reload, in  0.966 seconds
Platform modules already initialized, skipping
Refreshing native plugins compatible for Editor in 0.64 ms, found 2 plugins.
Preloading 0 native plugins for Editor in 0.00 ms.
Unloading 3365 Unused Serialized files (Serialized files now loaded: 0)
System memory in use before: 135.2 MB.
System memory in use after: 135.3 MB.

Unloading 17 unused Assets to reduce memory usage. Loaded Objects now: 4036.
Total: 3.922700 ms (FindLiveObjects: 0.758800 ms CreateObjectMapping: 0.652600 ms MarkObjects: 2.413500 ms  DeleteObjects: 0.094700 ms)

========================================================================
Received Import Request.
  Time since last request: 621.649871 seconds.
  path: Assets/Prefabs
  artifactKey: Guid(82655d7f86d4ea04d90109f2818a63a1) Importer(815301076,1909f56bfc062723c751e8b465ee728b)
Start importing Assets/Prefabs using Guid(82655d7f86d4ea04d90109f2818a63a1) Importer(815301076,1909f56bfc062723c751e8b465ee728b)  -> (artifact id: '7f098d90cc67a00dd9b74f3211ecc8a1') in 0.013189 seconds 
========================================================================
Received Import Request.
  Time since last request: 0.425663 seconds.
  path: Assets/Graphismes/Sprites/TileHighlight.png
  artifactKey: Guid(4bac410f7d71b2145a6b658ab128b4ab) Importer(815301076,1909f56bfc062723c751e8b465ee728b)
Start importing Assets/Graphismes/Sprites/TileHighlight.png using Guid(4bac410f7d71b2145a6b658ab128b4ab) Importer(815301076,1909f56bfc062723c751e8b465ee728b)  -> (artifact id: '52ea08223f23d68b26d0f03dcda00fbb') in 0.063623 seconds 
========================================================================
Received Prepare
Registering precompiled user dll's ...
Registered in 0.003044 seconds.
Begin MonoManager ReloadAssembly
Native extension for WindowsStandalone target not found
Native extension for WebGL target not found
Refreshing native plugins compatible for Editor in 0.59 ms, found 2 plugins.
Preloading 0 native plugins for Editor in 0.00 ms.
Mono: successfully reloaded assembly
- Completed reload, in  0.905 seconds
Platform modules already initialized, skipping
Refreshing native plugins compatible for Editor in 0.97 ms, found 2 plugins.
Preloading 0 native plugins for Editor in 0.00 ms.
Unloading 3366 Unused Serialized files (Serialized files now loaded: 0)
System memory in use before: 135.7 MB.
System memory in use after: 135.8 MB.

Unloading 17 unused Assets to reduce memory usage. Loaded Objects now: 4058.
Total: 2.968000 ms (FindLiveObjects: 0.505600 ms CreateObjectMapping: 0.158200 ms MarkObjects: 2.163400 ms  DeleteObjects: 0.140100 ms)

========================================================================
Received Prepare
Registering precompiled user dll's ...
Registered in 0.003128 seconds.
Begin MonoManager ReloadAssembly
Native extension for WindowsStandalone target not found
Native extension for WebGL target not found
Refreshing native plugins compatible for Editor in 0.75 ms, found 2 plugins.
Preloading 0 native plugins for Editor in 0.00 ms.
Mono: successfully reloaded assembly
- Completed reload, in  0.975 seconds
Platform modules already initialized, skipping
Refreshing native plugins compatible for Editor in 0.89 ms, found 2 plugins.
Preloading 0 native plugins for Editor in 0.00 ms.
Unloading 3365 Unused Serialized files (Serialized files now loaded: 0)
System memory in use before: 135.6 MB.
System memory in use after: 135.8 MB.

Unloading 17 unused Assets to reduce memory usage. Loaded Objects now: 4062.
Total: 6.127300 ms (FindLiveObjects: 0.668100 ms CreateObjectMapping: 0.341100 ms MarkObjects: 5.009100 ms  DeleteObjects: 0.107100 ms)

========================================================================
Received Prepare
Registering precompiled user dll's ...
Registered in 0.003006 seconds.
Begin MonoManager ReloadAssembly
Native extension for WindowsStandalone target not found
Native extension for WebGL target not found
Refreshing native plugins compatible for Editor in 0.62 ms, found 2 plugins.
Preloading 0 native plugins for Editor in 0.00 ms.
Mono: successfully reloaded assembly
- Completed reload, in  0.963 seconds
Platform modules already initialized, skipping
Refreshing native plugins compatible for Editor in 0.65 ms, found 2 plugins.
Preloading 0 native plugins for Editor in 0.00 ms.
Unloading 3365 Unused Serialized files (Serialized files now loaded: 0)
System memory in use before: 135.6 MB.
System memory in use after: 135.8 MB.

Unloading 17 unused Assets to reduce memory usage. Loaded Objects now: 4066.
Total: 3.217300 ms (FindLiveObjects: 0.385200 ms CreateObjectMapping: 0.188500 ms MarkObjects: 2.542700 ms  DeleteObjects: 0.100000 ms)

========================================================================
Received Prepare
Registering precompiled user dll's ...
Registered in 0.003254 seconds.
Begin MonoManager ReloadAssembly
Native extension for WindowsStandalone target not found
Native extension for WebGL target not found
Refreshing native plugins compatible for Editor in 0.64 ms, found 2 plugins.
Preloading 0 native plugins for Editor in 0.00 ms.
Mono: successfully reloaded assembly
- Completed reload, in  1.038 seconds
Platform modules already initialized, skipping
Refreshing native plugins compatible for Editor in 0.62 ms, found 2 plugins.
Preloading 0 native plugins for Editor in 0.00 ms.
Unloading 3365 Unused Serialized files (Serialized files now loaded: 0)
System memory in use before: 135.7 MB.
System memory in use after: 135.8 MB.

Unloading 17 unused Assets to reduce memory usage. Loaded Objects now: 4070.
Total: 3.005500 ms (FindLiveObjects: 0.496900 ms CreateObjectMapping: 0.224000 ms MarkObjects: 2.188700 ms  DeleteObjects: 0.094600 ms)

========================================================================
Received Prepare
Registering precompiled user dll's ...
Registered in 0.003099 seconds.
Begin MonoManager ReloadAssembly
Native extension for WindowsStandalone target not found
Native extension for WebGL target not found
Refreshing native plugins compatible for Editor in 0.60 ms, found 2 plugins.
Preloading 0 native plugins for Editor in 0.00 ms.
Mono: successfully reloaded assembly
- Completed reload, in  0.975 seconds
Platform modules already initialized, skipping
Refreshing native plugins compatible for Editor in 0.63 ms, found 2 plugins.
Preloading 0 native plugins for Editor in 0.00 ms.
Unloading 3365 Unused Serialized files (Serialized files now loaded: 0)
System memory in use before: 135.7 MB.
System memory in use after: 135.8 MB.

Unloading 17 unused Assets to reduce memory usage. Loaded Objects now: 4074.
Total: 3.268000 ms (FindLiveObjects: 0.354800 ms CreateObjectMapping: 0.191100 ms MarkObjects: 2.628100 ms  DeleteObjects: 0.092500 ms)

========================================================================
Received Prepare
Registering precompiled user dll's ...
Registered in 0.004272 seconds.
Begin MonoManager ReloadAssembly
Native extension for WindowsStandalone target not found
Native extension for WebGL target not found
Refreshing native plugins compatible for Editor in 0.59 ms, found 2 plugins.
Preloading 0 native plugins for Editor in 0.00 ms.
Mono: successfully reloaded assembly
- Completed reload, in  1.023 seconds
Platform modules already initialized, skipping
Refreshing native plugins compatible for Editor in 0.64 ms, found 2 plugins.
Preloading 0 native plugins for Editor in 0.00 ms.
Unloading 3365 Unused Serialized files (Serialized files now loaded: 0)
System memory in use before: 135.7 MB.
System memory in use after: 135.8 MB.

Unloading 17 unused Assets to reduce memory usage. Loaded Objects now: 4078.
Total: 4.381600 ms (FindLiveObjects: 0.649000 ms CreateObjectMapping: 0.358900 ms MarkObjects: 3.270400 ms  DeleteObjects: 0.102200 ms)

========================================================================
Received Prepare
Registering precompiled user dll's ...
Registered in 0.003057 seconds.
Begin MonoManager ReloadAssembly
Native extension for WindowsStandalone target not found
Native extension for WebGL target not found
Refreshing native plugins compatible for Editor in 0.60 ms, found 2 plugins.
Preloading 0 native plugins for Editor in 0.00 ms.
Mono: successfully reloaded assembly
- Completed reload, in  0.958 seconds
Platform modules already initialized, skipping
Refreshing native plugins compatible for Editor in 0.75 ms, found 2 plugins.
Preloading 0 native plugins for Editor in 0.00 ms.
Unloading 3365 Unused Serialized files (Serialized files now loaded: 0)
System memory in use before: 135.7 MB.
System memory in use after: 135.8 MB.

Unloading 17 unused Assets to reduce memory usage. Loaded Objects now: 4082.
Total: 2.808300 ms (FindLiveObjects: 0.315700 ms CreateObjectMapping: 0.149200 ms MarkObjects: 2.239000 ms  DeleteObjects: 0.103300 ms)

========================================================================
Received Prepare
Registering precompiled user dll's ...
Registered in 0.003000 seconds.
Begin MonoManager ReloadAssembly
Native extension for WindowsStandalone target not found
Native extension for WebGL target not found
Refreshing native plugins compatible for Editor in 0.59 ms, found 2 plugins.
Preloading 0 native plugins for Editor in 0.00 ms.
Mono: successfully reloaded assembly
- Completed reload, in  0.972 seconds
Platform modules already initialized, skipping
Refreshing native plugins compatible for Editor in 0.67 ms, found 2 plugins.
Preloading 0 native plugins for Editor in 0.00 ms.
Unloading 3365 Unused Serialized files (Serialized files now loaded: 0)
System memory in use before: 135.7 MB.
System memory in use after: 135.8 MB.

Unloading 17 unused Assets to reduce memory usage. Loaded Objects now: 4086.
Total: 2.899100 ms (FindLiveObjects: 0.289100 ms CreateObjectMapping: 0.162600 ms MarkObjects: 2.349200 ms  DeleteObjects: 0.097700 ms)

========================================================================
Received Prepare
Registering precompiled user dll's ...
Registered in 0.003130 seconds.
Begin MonoManager ReloadAssembly
Native extension for WindowsStandalone target not found
Native extension for WebGL target not found
Refreshing native plugins compatible for Editor in 0.61 ms, found 2 plugins.
Preloading 0 native plugins for Editor in 0.00 ms.
Mono: successfully reloaded assembly
- Completed reload, in  1.002 seconds
Platform modules already initialized, skipping
Refreshing native plugins compatible for Editor in 0.64 ms, found 2 plugins.
Preloading 0 native plugins for Editor in 0.00 ms.
Unloading 3365 Unused Serialized files (Serialized files now loaded: 0)
System memory in use before: 135.7 MB.
System memory in use after: 135.8 MB.

Unloading 17 unused Assets to reduce memory usage. Loaded Objects now: 4090.
Total: 5.668600 ms (FindLiveObjects: 0.798300 ms CreateObjectMapping: 0.247300 ms MarkObjects: 4.215000 ms  DeleteObjects: 0.405600 ms)

========================================================================
Received Prepare
Registering precompiled user dll's ...
Registered in 0.004470 seconds.
Begin MonoManager ReloadAssembly
Native extension for WindowsStandalone target not found
Native extension for WebGL target not found
Refreshing native plugins compatible for Editor in 0.60 ms, found 2 plugins.
Preloading 0 native plugins for Editor in 0.00 ms.
Mono: successfully reloaded assembly
- Completed reload, in  0.971 seconds
Platform modules already initialized, skipping
Refreshing native plugins compatible for Editor in 0.63 ms, found 2 plugins.
Preloading 0 native plugins for Editor in 0.00 ms.
Unloading 3365 Unused Serialized files (Serialized files now loaded: 0)
System memory in use before: 135.7 MB.
System memory in use after: 135.8 MB.

Unloading 17 unused Assets to reduce memory usage. Loaded Objects now: 4094.
Total: 3.697100 ms (FindLiveObjects: 0.296800 ms CreateObjectMapping: 0.155400 ms MarkObjects: 3.140500 ms  DeleteObjects: 0.103500 ms)

AssetImportWorkerClient::OnTransportError - code=2 error=End of file
